<?xml version="1.0" encoding="UTF-8"?>
<testng-results ignored="2" total="3" passed="1" failed="0" skipped="0">
  <reporter-output>
  </reporter-output>
  <suite started-at="2026-08-16T05:50:08 CEST" name="Suite" finished-at="2026-08-16T05:50:18 CEST" duration-ms="9958">
    <groups>
      <group name="ErrorHandling">
        <method signature="ErrorValidationsTest.LoginErrorValidation()[pri:0, instance:rahulshettyacademy.tests.ErrorValidationsTest@62150f9e]" name="LoginErrorValidation" class="rahulshettyacademy.tests.ErrorValidationsTest"/>
      </group> <!-- ErrorHandling -->
    </groups>
    <test started-at="2026-08-16T05:50:08 CEST" name="Submit Order Test" finished-at="2026-08-16T05:50:08 CEST" duration-ms="7">
    </test> <!-- Submit Order Test -->
    <test started-at="2026-08-16T05:50:08 CEST" name="Error Validations Test" finished-at="2026-08-16T05:50:18 CEST" duration-ms="9958">
      <class name="rahulshettyacademy.tests.ErrorValidationsTest">
        <test-method is-config="true" signature="launchApplication()[pri:0, instance:rahulshettyacademy.tests.ErrorValidationsTest@62150f9e]" started-at="2026-08-16T05:50:08 CEST" name="launchApplication" finished-at="2026-08-16T05:50:16 CEST" duration-ms="8617" status="PASS">
          <reporter-output>
          </reporter-output>
        </test-method> <!-- launchApplication -->
        <test-method signature="LoginErrorValidation()[pri:0, instance:rahulshettyacademy.tests.ErrorValidationsTest@62150f9e]" started-at="2026-08-16T05:50:16 CEST" name="LoginErrorValidation" finished-at="2026-08-16T05:50:17 CEST" duration-ms="898" status="PASS">
          <reporter-output>
          </reporter-output>
        </test-method> <!-- LoginErrorValidation -->
        <test-method is-config="true" signature="tearDown()[pri:0, instance:rahulshettyacademy.tests.ErrorValidationsTest@62150f9e]" started-at="2026-08-16T05:50:17 CEST" name="tearDown" finished-at="2026-08-16T05:50:18 CEST" duration-ms="388" status="PASS">
          <reporter-output>
          </reporter-output>
        </test-method> <!-- tearDown -->
      </class> <!-- rahulshettyacademy.tests.ErrorValidationsTest -->
    </test> <!-- Error Validations Test -->
  </suite> <!-- Suite -->
</testng-results>
