<?xml version="1.0" encoding="UTF-8"?>
<!-- Generated by org.testng.reporters.JUnitReportReporter -->
<testsuite hostname="DESKTOP-1KRJFLK" failures="0" tests="3" name="rahulshettyacademy.tests.SubmitOrderTest" time="33.241" errors="0" timestamp="2026-08-16T03:37:23 CEST" skipped="0">
  <testcase classname="rahulshettyacademy.tests.SubmitOrderTest" name="submitOrder" time="15.531"/>
  <testcase classname="rahulshettyacademy.tests.SubmitOrderTest" name="OrderHistoryTest" time="5.500"/>
  <testcase classname="rahulshettyacademy.tests.SubmitOrderTest" name="submitOrder" time="12.210"/>
</testsuite> <!-- rahulshettyacademy.tests.SubmitOrderTest -->
