<?xml version="1.0" encoding="UTF-8"?>
<!-- Generated by org.testng.reporters.JUnitReportReporter -->
<testsuite hostname="DESKTOP-1KRJFLK" failures="0" tests="3" name="rahulshettyacademy.tests.SubmitOrderTest" time="42.166" errors="0" timestamp="2026-08-15T21:07:48 CEST" skipped="0">
  <testcase classname="rahulshettyacademy.tests.SubmitOrderTest" name="submitOrder" time="15.518"/>
  <testcase classname="rahulshettyacademy.tests.SubmitOrderTest" name="OrderHistoryTest" time="6.903"/>
  <testcase classname="rahulshettyacademy.tests.SubmitOrderTest" name="submitOrder" time="19.745"/>
</testsuite> <!-- rahulshettyacademy.tests.SubmitOrderTest -->
